Mon Feb 16 19:51:20 CET 2026
HOST: gcn53.local.snellius.surf.nl
WORKDIR: /gpfs/home5/obevza/jaxpsmc
NVIDIA A100-SXM4-40GB, 590.48.01
x64 enabled? True
Using output directory: ./runs/gaussian_10/results_2
Passed parameters:
experiment_type: gaussian
n_dims: 4
outdir: ./runs/gaussian_10/results_2
nr_of_samples: 10000
nr_of_components: 2
width_mean: 10.0
width_cov: 1.0
weights_of_components: [0.5, 0.5]
prior_low: -25.0
prior_high: 25.0
n_total: 1000
pc_n_steps: 50
pc_n_max_steps: 50
keep_max: 8000
random_state: 0
precondition: True
dynamic: True
metric: ess
resample: mult
transform: probit
use_identity_flow: True
n_effective: 1000
n_active: 1000
n_prior: 10000
Setting the target function to a standard Gaussian distribution.
[ 4.68406384 -9.85155336 -8.64199525  9.59435308]
[ 2.56675507 -5.48889929  5.06070754 -8.96960295]
Sampling complete!
n_prior (adjusted) = 10000 (input was 10000 )
samples.shape = (10000, 4)
logZ = -17.710027104951266 logZerr = nan
Saved overlay corner plot to ./runs/gaussian_10/results_2/true_vs_mcmc_corner_plot.pdf
Saved acceptance-rate plot to ./runs/gaussian_10/results_2/acceptance_rate.pdf
MCMC samples saved to ./runs/gaussian_10/results_2/mcmc_samples.json
True samples saved to ./runs/gaussian_10/results_2/true_samples.json
Sample statistics saved to ./runs/gaussian_10/results_2/sample_statistics.txt
KL metrics saved to ./runs/gaussian_10/results_2/kl_metrics.txt
Saved to ./runs/gaussian_10/results_2/sigma_curve.pdf
Saved two-page diagnostics to ./runs/gaussian_10/results_2/diagnostics_top6_2pages.pdf
JOB DONE
